<component name="ProjectRunConfigurationManager">
  <configuration default="false" name="test-cft-intership test run" type="GradleRunConfiguration" factoryName="Gradle">
    <ExternalSystemSettings>
      <option name="executionName" />
      <option name="externalProjectPath" value="$PROJECT_DIR$" />
      <option name="externalSystemIdString" value="GRADLE" />
      <option name="scriptParameters" value="" />
      <option name="taskDescriptions">
        <list />
      </option>
      <option name="taskNames">
        <list>
          <option value="run" />
          <option value="--args=&quot;src/test/resources/in1.txt src/test/resources/in2.txt -o src/test/resources/output -s -f&quot;" />
        </list>
      </option>
      <option name="vmOptions" />
    </ExternalSystemSettings>
    <ExternalSystemDebugServerProcess>true</ExternalSystemDebugServerProcess>
    <ExternalSystemReattachDebugProcess>true</ExternalSystemReattachDebugProcess>
    <DebugAllEnabled>false</DebugAllEnabled>
    <ForceTestExec>false</ForceTestExec>
    <method v="2" />
  </configuration>
</component>